<?xml version="1.0" encoding="UTF-8"?>
<testsuite name="com.globallogic.cidemo.MainActivityTest" tests="4" skipped="0" failures="0" errors="0" timestamp="2015-05-03T23:44:46" hostname="leanmazzu-laptop" time="9.512">
  <properties/>
  <testcase name="testAdd" classname="com.globallogic.cidemo.MainActivityTest" time="8.675"/>
  <testcase name="testMult" classname="com.globallogic.cidemo.MainActivityTest" time="0.298"/>
  <testcase name="testMultEmpty" classname="com.globallogic.cidemo.MainActivityTest" time="0.272"/>
  <testcase name="testAddEmpty" classname="com.globallogic.cidemo.MainActivityTest" time="0.267"/>
  <system-out><![CDATA[]]></system-out>
  <system-err><![CDATA[]]></system-err>
</testsuite>
