<?xml version="1.0" encoding="UTF-8"?>
<testsuite name="com.globallogic.cidemo.CalcUtilTest" tests="2" skipped="0" failures="0" errors="0" timestamp="2015-05-03T23:44:56" hostname="leanmazzu-laptop" time="0.003">
  <properties/>
  <testcase name="testAdd" classname="com.globallogic.cidemo.CalcUtilTest" time="0.002"/>
  <testcase name="testMult" classname="com.globallogic.cidemo.CalcUtilTest" time="0.0"/>
  <system-out><![CDATA[]]></system-out>
  <system-err><![CDATA[]]></system-err>
</testsuite>
